1: H 1: started
2: H 2: started
3: H 3: started
4: H 4: started
5: O 1: started
6: O 2: started
7: O 3: started
8: O 4: started
9: O 5: started
10: O 6: started
11: O 7: started
12: O 8: started
13: O 9: started
14: O 10: started
15: O 11: started
16: O 12: started
17: O 13: started
18: O 7: going to queue
19: O 5: going to queue
20: O 6: going to queue
21: H 2: going to queue
22: O 11: going to queue
23: O 9: going to queue
24: H 3: going to queue
25: H 3: creating molecule 1
26: H 2: creating molecule 1
27: O 7: creating molecule 1
28: H 2: molecule 1 created
29: O 7: molecule 1 created
30: H 3: molecule 1 created
31: H 4: going to queue
32: O 13: going to queue
33: O 12: going to queue
34: O 3: going to queue
35: H 1: going to queue
36: H 1: creating molecule 2
37: H 4: creating molecule 2
38: O 5: creating molecule 2
39: H 4: molecule 2 created
40: O 5: molecule 2 created
41: H 1: molecule 2 created
42: O 10: going to queue
43: O 10: not enough H
44: O 8: going to queue
45: O 8: not enough H
46: O 4: going to queue
47: O 4: not enough H
48: O 1: going to queue
49: O 1: not enough H
50: O 2: going to queue
51: O 2: not enough H
